<?xml version="1.0" encoding="UTF-8"?>
<!-- Generated by org.testng.reporters.JUnitReportReporter -->
<testsuite hostname="SLTB233" failures="0" tests="2" name="testcases.logoutTest" time="8.586" errors="0" timestamp="2025-06-23T15:58:38 IST" skipped="0">
  <testcase classname="testcases.logoutTest" name="testLogout" time="4.289"/>
  <testcase classname="testcases.logoutTest" name="testLogout" time="4.297"/>
</testsuite> <!-- testcases.logoutTest -->
