<?xml version="1.0" encoding="UTF-8"?>
<!-- Generated by org.testng.reporters.JUnitReportReporter -->
<testsuite hostname="SLTB233" failures="0" tests="1" name="testcases.managerTimesheetApprovalTest" time="36.931" errors="0" timestamp="2025-06-20T20:15:30 IST" skipped="0">
  <testcase classname="testcases.managerTimesheetApprovalTest" name="approveTimesheet" time="36.931"/>
</testsuite> <!-- testcases.managerTimesheetApprovalTest -->
