<?xml version="1.0" encoding="UTF-8"?>
<!-- Generated by org.testng.reporters.JUnitReportReporter -->
<testsuite hostname="SLTB233" failures="0" tests="1" name="testcases.managerTimesheetApprovalTest" time="43.392" errors="0" timestamp="2025-06-23T15:58:38 IST" skipped="0">
  <testcase classname="testcases.managerTimesheetApprovalTest" name="approveTimesheet" time="43.392"/>
</testsuite> <!-- testcases.managerTimesheetApprovalTest -->
