<?xml version="1.0" encoding="UTF-8"?>
<!-- Generated by org.testng.reporters.JUnitReportReporter -->
<testsuite hostname="SLTB233" failures="0" tests="1" name="testcases.loginTest" time="8.075" errors="0" timestamp="2025-06-19T16:16:39 IST" skipped="0">
  <testcase classname="testcases.loginTest" name="testLogin" time="8.075"/>
</testsuite> <!-- testcases.loginTest -->
